{
  "stats": {
    "suites": 1,
    "tests": 4,
    "passes": 4,
    "pending": 0,
    "failures": 0,
    "start": "2020-03-01T22:47:11.219Z",
    "end": "2020-03-01T22:47:43.296Z",
    "duration": 32077,
    "testsRegistered": 4,
    "passPercent": 100,
    "pendingPercent": 0,
    "other": 0,
    "hasOther": false,
    "skipped": 0,
    "hasSkipped": false
  },
  "results": [
    {
      "uuid": "d183018d-30fe-472c-b239-080b1df308ad",
      "title": "",
      "fullFile": "cypress\\integration\\smoke\\faded-sleeve.spec.js",
      "file": "cypress\\integration\\smoke\\faded-sleeve.spec.js",
      "beforeHooks": [],
      "afterHooks": [],
      "tests": [],
      "suites": [
        {
          "uuid": "b019858f-941e-4c1e-9c0a-3ce9f511a8fe",
          "title": "Smoke Test - Scenario: buy two products",
          "fullFile": "",
          "file": "",
          "beforeHooks": [],
          "afterHooks": [],
          "tests": [
            {
              "title": "Given I am on a shopping site",
              "fullTitle": "Smoke Test - Scenario: buy two products Given I am on a shopping site",
              "timedOut": null,
              "duration": 6319,
              "state": "passed",
              "speed": "slow",
              "pass": true,
              "fail": false,
              "pending": false,
              "context": null,
              "code": "_home[\"default\"].open();\n_home[\"default\"].navigationTabs.should('be.visible');",
              "err": {},
              "uuid": "6a04afb6-cf97-4118-be47-61c97afb1c94",
              "parentUUID": "b019858f-941e-4c1e-9c0a-3ce9f511a8fe",
              "isHook": false,
              "skipped": false
            },
            {
              "title": "When I order 2 items",
              "fullTitle": "Smoke Test - Scenario: buy two products When I order 2 items",
              "timedOut": null,
              "duration": 19364,
              "state": "passed",
              "speed": "slow",
              "pass": true,
              "fail": false,
              "pending": false,
              "context": null,
              "code": "_home[\"default\"].addProductToCart(this.user.product);\n_home[\"default\"].assertTextElement(_home[\"default\"].shoppingCartTotalDropDown, this.user.productQuantity);\n_home[\"default\"].clickOnVisibleElement(_home[\"default\"].proceedToCheckOutSummaryButton);\n_home[\"default\"].clickOnVisibleElement(_home[\"default\"].proceedToCheckOutButton);\n_home[\"default\"].typeInEmail(Cypress.env('email'));\n_home[\"default\"].typeInPassword(Cypress.env('pw'));\n_home[\"default\"].clickOnVisibleElement(_home[\"default\"].submitButton);\n_home[\"default\"].clickOnVisibleElement(_home[\"default\"].proceedToCheckOutButton);\n_home[\"default\"].clickOnVisibleElement(_home[\"default\"].termCheckBox);\n_home[\"default\"].clickOnVisibleElement(_home[\"default\"].proceedToCheckOutButton);\n_home[\"default\"].clickOnVisibleElement(_home[\"default\"].payByBankWireButton);\n_home[\"default\"].clickOnVisibleElement(_home[\"default\"].proceedToCheckOutButton);",
              "err": {},
              "uuid": "c74f6eae-a7e5-4601-ab85-70d65651572c",
              "parentUUID": "b019858f-941e-4c1e-9c0a-3ce9f511a8fe",
              "isHook": false,
              "skipped": false
            },
            {
              "title": "Then the order details should be displayed on the confirmation page ",
              "fullTitle": "Smoke Test - Scenario: buy two products Then the order details should be displayed on the confirmation page ",
              "timedOut": null,
              "duration": 98,
              "state": "passed",
              "speed": "slow",
              "pass": true,
              "fail": false,
              "pending": false,
              "context": null,
              "code": "_home[\"default\"].completionMessage.should('have.text', this.user.completionMessage);\n_home[\"default\"].price.should('have.text', this.user.price);\n_home[\"default\"].otherDetails.should('have.text', this.user.otherDetails);\n_home[\"default\"].bankName.should('have.text', this.user.bankName);",
              "err": {},
              "uuid": "18f41657-3491-4b63-a7dc-b34cd0264733",
              "parentUUID": "b019858f-941e-4c1e-9c0a-3ce9f511a8fe",
              "isHook": false,
              "skipped": false
            },
            {
              "title": "And I should be able to log out successfully",
              "fullTitle": "Smoke Test - Scenario: buy two products And I should be able to log out successfully",
              "timedOut": null,
              "duration": 2649,
              "state": "passed",
              "speed": "slow",
              "pass": true,
              "fail": false,
              "pending": false,
              "context": null,
              "code": "_home[\"default\"].clickOnVisibleElement(_home[\"default\"].logoutButton);\n_home[\"default\"].loginButton.should('be.visible');",
              "err": {},
              "uuid": "2eede52e-46d9-499c-a918-5e57c2fe1551",
              "parentUUID": "b019858f-941e-4c1e-9c0a-3ce9f511a8fe",
              "isHook": false,
              "skipped": false
            }
          ],
          "suites": [],
          "passes": [
            "6a04afb6-cf97-4118-be47-61c97afb1c94",
            "c74f6eae-a7e5-4601-ab85-70d65651572c",
            "18f41657-3491-4b63-a7dc-b34cd0264733",
            "2eede52e-46d9-499c-a918-5e57c2fe1551"
          ],
          "failures": [],
          "pending": [],
          "skipped": [],
          "duration": 28430,
          "root": false,
          "rootEmpty": false,
          "_timeout": 2000
        }
      ],
      "passes": [],
      "failures": [],
      "pending": [],
      "skipped": [],
      "duration": 0,
      "root": true,
      "rootEmpty": true,
      "_timeout": 2000
    }
  ],
  "meta": {
    "mocha": {
      "version": "7.1.0"
    },
    "mochawesome": {
      "options": {
        "quiet": false,
        "reportFilename": "mochawesome",
        "saveHtml": false,
        "saveJson": true,
        "consoleReporter": "spec",
        "useInlineDiffs": false,
        "code": true
      },
      "version": "5.0.0"
    },
    "marge": {
      "options": {
        "id": "default",
        "reportDir": "cypress/reports/mocha",
        "quite": true,
        "overwrite": false,
        "html": false,
        "json": true
      },
      "version": "4.1.0"
    }
  }
}