{
  "stats": {
    "suites": 1,
    "tests": 4,
    "passes": 4,
    "pending": 0,
    "failures": 0,
    "start": "2020-03-01T20:47:58.537Z",
    "end": "2020-03-01T20:48:31.199Z",
    "duration": 32662,
    "testsRegistered": 4,
    "passPercent": 100,
    "pendingPercent": 0,
    "other": 0,
    "hasOther": false,
    "skipped": 0,
    "hasSkipped": false
  },
  "results": [
    {
      "uuid": "f6edf5b0-6f57-4e64-bd09-2ac55a581591",
      "title": "",
      "fullFile": "cypress\\integration\\smoke\\faded-sleeve.spec.js",
      "file": "cypress\\integration\\smoke\\faded-sleeve.spec.js",
      "beforeHooks": [],
      "afterHooks": [],
      "tests": [],
      "suites": [
        {
          "uuid": "6ef5e86c-a09e-4da6-89a1-d686625a28be",
          "title": "Smoke Test - Scenario: buy two products",
          "fullFile": "",
          "file": "",
          "beforeHooks": [],
          "afterHooks": [],
          "tests": [
            {
              "title": "Given I am on a shopping site",
              "fullTitle": "Smoke Test - Scenario: buy two products Given I am on a shopping site",
              "timedOut": null,
              "duration": 6647,
              "state": "passed",
              "speed": "slow",
              "pass": true,
              "fail": false,
              "pending": false,
              "context": null,
              "code": "_home[\"default\"].open();\n_home[\"default\"].navigationTabs.should('be.visible');",
              "err": {},
              "uuid": "7c10ac96-3b08-4c8c-a360-4cf2612f0b3c",
              "parentUUID": "6ef5e86c-a09e-4da6-89a1-d686625a28be",
              "isHook": false,
              "skipped": false
            },
            {
              "title": "When I order 2 items",
              "fullTitle": "Smoke Test - Scenario: buy two products When I order 2 items",
              "timedOut": null,
              "duration": 19283,
              "state": "passed",
              "speed": "slow",
              "pass": true,
              "fail": false,
              "pending": false,
              "context": null,
              "code": "_home[\"default\"].addProductToCart(this.user.product);\n_home[\"default\"].assertTextElement(_home[\"default\"].shoppingCartTotalDropDown, this.user.productQuantity);\n_home[\"default\"].clickOnVisibleElement(_home[\"default\"].proceedToCheckOutSummaryButton);\n_home[\"default\"].clickOnVisibleElement(_home[\"default\"].proceedToCheckOutButton);\n_home[\"default\"].typeInEmail(this.user.email);\n_home[\"default\"].typeInPassword(this.user.pw);\n_home[\"default\"].clickOnVisibleElement(_home[\"default\"].submitButton);\n_home[\"default\"].clickOnVisibleElement(_home[\"default\"].proceedToCheckOutButton);\n_home[\"default\"].clickOnVisibleElement(_home[\"default\"].termCheckBox);\n_home[\"default\"].clickOnVisibleElement(_home[\"default\"].proceedToCheckOutButton);\n_home[\"default\"].clickOnVisibleElement(_home[\"default\"].payByBankWireButton);\n_home[\"default\"].clickOnVisibleElement(_home[\"default\"].proceedToCheckOutButton);",
              "err": {},
              "uuid": "a9dbe6f4-e457-4769-8c61-2a10a771b187",
              "parentUUID": "6ef5e86c-a09e-4da6-89a1-d686625a28be",
              "isHook": false,
              "skipped": false
            },
            {
              "title": "Then the order details should be displayed on the confirmation page ",
              "fullTitle": "Smoke Test - Scenario: buy two products Then the order details should be displayed on the confirmation page ",
              "timedOut": null,
              "duration": 121,
              "state": "passed",
              "speed": "slow",
              "pass": true,
              "fail": false,
              "pending": false,
              "context": null,
              "code": "_home[\"default\"].completionMessage.should('have.text', this.user.completionMessage);\n_home[\"default\"].price.should('have.text', this.user.price);\n_home[\"default\"].otherDetails.should('have.text', this.user.otherDetails);\n_home[\"default\"].bankName.should('have.text', this.user.bankName);",
              "err": {},
              "uuid": "7e6a63e5-9b80-44b9-a400-51f6c5a262b7",
              "parentUUID": "6ef5e86c-a09e-4da6-89a1-d686625a28be",
              "isHook": false,
              "skipped": false
            },
            {
              "title": "And I should be able to log out successfully",
              "fullTitle": "Smoke Test - Scenario: buy two products And I should be able to log out successfully",
              "timedOut": null,
              "duration": 2606,
              "state": "passed",
              "speed": "slow",
              "pass": true,
              "fail": false,
              "pending": false,
              "context": null,
              "code": "_home[\"default\"].clickOnVisibleElement(_home[\"default\"].logoutButton);\n_home[\"default\"].loginButton.should('be.visible');",
              "err": {},
              "uuid": "535db36a-2d7d-430d-83e1-09e5d26109e5",
              "parentUUID": "6ef5e86c-a09e-4da6-89a1-d686625a28be",
              "isHook": false,
              "skipped": false
            }
          ],
          "suites": [],
          "passes": [
            "7c10ac96-3b08-4c8c-a360-4cf2612f0b3c",
            "a9dbe6f4-e457-4769-8c61-2a10a771b187",
            "7e6a63e5-9b80-44b9-a400-51f6c5a262b7",
            "535db36a-2d7d-430d-83e1-09e5d26109e5"
          ],
          "failures": [],
          "pending": [],
          "skipped": [],
          "duration": 28657,
          "root": false,
          "rootEmpty": false,
          "_timeout": 2000
        }
      ],
      "passes": [],
      "failures": [],
      "pending": [],
      "skipped": [],
      "duration": 0,
      "root": true,
      "rootEmpty": true,
      "_timeout": 2000
    }
  ],
  "meta": {
    "mocha": {
      "version": "7.1.0"
    },
    "mochawesome": {
      "options": {
        "quiet": false,
        "reportFilename": "mochawesome",
        "saveHtml": false,
        "saveJson": true,
        "consoleReporter": "spec",
        "useInlineDiffs": false,
        "code": true
      },
      "version": "5.0.0"
    },
    "marge": {
      "options": {
        "id": "default",
        "reportDir": "cypress/reports/mocha",
        "quite": true,
        "overwrite": false,
        "html": false,
        "json": true
      },
      "version": "4.1.0"
    }
  }
}