{
  "stats": {
    "suites": 6,
    "tests": 24,
    "passes": 24,
    "pending": 0,
    "failures": 0,
    "start": "2020-03-01T22:49:16.513Z",
    "end": "2020-03-01T22:49:16.513Z",
    "duration": 177309,
    "testsRegistered": 24,
    "passPercent": 100,
    "pendingPercent": 0,
    "other": 0,
    "hasOther": false,
    "skipped": 0,
    "hasSkipped": false
  },
  "results": [
    {
      "uuid": "9005ef6b-37c5-44a3-940e-7342ec5ceec0",
      "title": "",
      "fullFile": "cypress\\integration\\smoke\\printed-dress.spec.js",
      "file": "cypress\\integration\\smoke\\printed-dress.spec.js",
      "beforeHooks": [],
      "afterHooks": [],
      "tests": [],
      "suites": [
        {
          "uuid": "fbffcfcd-48cd-486e-a8fe-aa28c81b1738",
          "title": "Smoke Test - Scenario: buy two products",
          "fullFile": "",
          "file": "",
          "beforeHooks": [],
          "afterHooks": [],
          "tests": [
            {
              "title": "Given I am on a shopping site",
              "fullTitle": "Smoke Test - Scenario: buy two products Given I am on a shopping site",
              "timedOut": null,
              "duration": 6520,
              "state": "passed",
              "speed": "slow",
              "pass": true,
              "fail": false,
              "pending": false,
              "context": null,
              "code": "_home[\"default\"].open();\n_home[\"default\"].navigationTabs.should('be.visible');",
              "err": {},
              "uuid": "07d495bf-6bc4-4009-b21f-8502904b28a6",
              "parentUUID": "fbffcfcd-48cd-486e-a8fe-aa28c81b1738",
              "isHook": false,
              "skipped": false
            },
            {
              "title": "When I order 2 items",
              "fullTitle": "Smoke Test - Scenario: buy two products When I order 2 items",
              "timedOut": null,
              "duration": 19093,
              "state": "passed",
              "speed": "slow",
              "pass": true,
              "fail": false,
              "pending": false,
              "context": null,
              "code": "_home[\"default\"].addProductToCart(this.user.product);\n_home[\"default\"].assertTextElement(_home[\"default\"].shoppingCartTotalDropDown, this.user.productQuantity);\n_home[\"default\"].clickOnVisibleElement(_home[\"default\"].proceedToCheckOutSummaryButton);\n_home[\"default\"].clickOnVisibleElement(_home[\"default\"].proceedToCheckOutButton);\n_home[\"default\"].typeInEmail(this.user.email);\n_home[\"default\"].typeInPassword(this.user.pw);\n_home[\"default\"].clickOnVisibleElement(_home[\"default\"].submitButton);\n_home[\"default\"].clickOnVisibleElement(_home[\"default\"].proceedToCheckOutButton);\n_home[\"default\"].clickOnVisibleElement(_home[\"default\"].termCheckBox);\n_home[\"default\"].clickOnVisibleElement(_home[\"default\"].proceedToCheckOutButton);\n_home[\"default\"].clickOnVisibleElement(_home[\"default\"].payByBankWireButton);\n_home[\"default\"].clickOnVisibleElement(_home[\"default\"].proceedToCheckOutButton);",
              "err": {},
              "uuid": "faa0d137-4cba-4d64-9025-4415db243dc4",
              "parentUUID": "fbffcfcd-48cd-486e-a8fe-aa28c81b1738",
              "isHook": false,
              "skipped": false
            },
            {
              "title": "Then the order details should be displayed on the confirmation page ",
              "fullTitle": "Smoke Test - Scenario: buy two products Then the order details should be displayed on the confirmation page ",
              "timedOut": null,
              "duration": 137,
              "state": "passed",
              "speed": "slow",
              "pass": true,
              "fail": false,
              "pending": false,
              "context": null,
              "code": "_home[\"default\"].completionMessage.should('have.text', this.user.completionMessage);\n_home[\"default\"].price.should('have.text', this.user.price);\n_home[\"default\"].otherDetails.should('have.text', this.user.otherDetails);\n_home[\"default\"].bankName.should('have.text', this.user.bankName);",
              "err": {},
              "uuid": "616919f4-7064-4e8e-bec8-7d3d9b2dbd44",
              "parentUUID": "fbffcfcd-48cd-486e-a8fe-aa28c81b1738",
              "isHook": false,
              "skipped": false
            },
            {
              "title": "And I should be able to log out successfully",
              "fullTitle": "Smoke Test - Scenario: buy two products And I should be able to log out successfully",
              "timedOut": null,
              "duration": 2683,
              "state": "passed",
              "speed": "slow",
              "pass": true,
              "fail": false,
              "pending": false,
              "context": null,
              "code": "_home[\"default\"].clickOnVisibleElement(_home[\"default\"].logoutButton);\n_home[\"default\"].loginButton.should('be.visible');",
              "err": {},
              "uuid": "f861b5ad-97a3-440d-aaf5-80e9a3c96b6d",
              "parentUUID": "fbffcfcd-48cd-486e-a8fe-aa28c81b1738",
              "isHook": false,
              "skipped": false
            }
          ],
          "suites": [],
          "passes": [
            "07d495bf-6bc4-4009-b21f-8502904b28a6",
            "faa0d137-4cba-4d64-9025-4415db243dc4",
            "616919f4-7064-4e8e-bec8-7d3d9b2dbd44",
            "f861b5ad-97a3-440d-aaf5-80e9a3c96b6d"
          ],
          "failures": [],
          "pending": [],
          "skipped": [],
          "duration": 28433,
          "root": false,
          "rootEmpty": false,
          "_timeout": 2000
        }
      ],
      "passes": [],
      "failures": [],
      "pending": [],
      "skipped": [],
      "duration": 0,
      "root": true,
      "rootEmpty": true,
      "_timeout": 2000
    },
    {
      "uuid": "edddd4a6-a22a-4de8-845d-917ceefee1d6",
      "title": "",
      "fullFile": "cypress\\integration\\smoke\\printed-summer-dress.spec.js",
      "file": "cypress\\integration\\smoke\\printed-summer-dress.spec.js",
      "beforeHooks": [],
      "afterHooks": [],
      "tests": [],
      "suites": [
        {
          "uuid": "5950860d-8ef2-4103-bd5a-4629a098402f",
          "title": "Smoke Test - Scenario: buy two products",
          "fullFile": "",
          "file": "",
          "beforeHooks": [],
          "afterHooks": [],
          "tests": [
            {
              "title": "Given I am on a shopping site",
              "fullTitle": "Smoke Test - Scenario: buy two products Given I am on a shopping site",
              "timedOut": null,
              "duration": 8157,
              "state": "passed",
              "speed": "slow",
              "pass": true,
              "fail": false,
              "pending": false,
              "context": null,
              "code": "_home[\"default\"].open();\n_home[\"default\"].navigationTabs.should('be.visible');",
              "err": {},
              "uuid": "e4484cb1-440b-4458-9cde-056442c8af93",
              "parentUUID": "5950860d-8ef2-4103-bd5a-4629a098402f",
              "isHook": false,
              "skipped": false
            },
            {
              "title": "When I order 2 items",
              "fullTitle": "Smoke Test - Scenario: buy two products When I order 2 items",
              "timedOut": null,
              "duration": 20022,
              "state": "passed",
              "speed": "slow",
              "pass": true,
              "fail": false,
              "pending": false,
              "context": null,
              "code": "_home[\"default\"].addProductToCart(this.user.product);\n_home[\"default\"].assertTextElement(_home[\"default\"].shoppingCartTotalDropDown, this.user.productQuantity);\n_home[\"default\"].clickOnVisibleElement(_home[\"default\"].proceedToCheckOutSummaryButton);\n_home[\"default\"].clickOnVisibleElement(_home[\"default\"].proceedToCheckOutButton);\n_home[\"default\"].typeInEmail(this.user.email);\n_home[\"default\"].typeInPassword(this.user.pw);\n_home[\"default\"].clickOnVisibleElement(_home[\"default\"].submitButton);\n_home[\"default\"].clickOnVisibleElement(_home[\"default\"].proceedToCheckOutButton);\n_home[\"default\"].clickOnVisibleElement(_home[\"default\"].termCheckBox);\n_home[\"default\"].clickOnVisibleElement(_home[\"default\"].proceedToCheckOutButton);\n_home[\"default\"].clickOnVisibleElement(_home[\"default\"].payByBankWireButton);\n_home[\"default\"].clickOnVisibleElement(_home[\"default\"].proceedToCheckOutButton);",
              "err": {},
              "uuid": "8608eb6d-2223-4def-aa69-6f35f013dbd3",
              "parentUUID": "5950860d-8ef2-4103-bd5a-4629a098402f",
              "isHook": false,
              "skipped": false
            },
            {
              "title": "Then the order details should be displayed on the confirmation page ",
              "fullTitle": "Smoke Test - Scenario: buy two products Then the order details should be displayed on the confirmation page ",
              "timedOut": null,
              "duration": 143,
              "state": "passed",
              "speed": "slow",
              "pass": true,
              "fail": false,
              "pending": false,
              "context": null,
              "code": "_home[\"default\"].completionMessage.should('have.text', this.user.completionMessage);\n_home[\"default\"].price.should('have.text', this.user.price);\n_home[\"default\"].otherDetails.should('have.text', this.user.otherDetails);\n_home[\"default\"].bankName.should('have.text', this.user.bankName);",
              "err": {},
              "uuid": "69d64644-b92b-49a5-9c47-2d9c50322a73",
              "parentUUID": "5950860d-8ef2-4103-bd5a-4629a098402f",
              "isHook": false,
              "skipped": false
            },
            {
              "title": "And I should be able to log out successfully",
              "fullTitle": "Smoke Test - Scenario: buy two products And I should be able to log out successfully",
              "timedOut": null,
              "duration": 3250,
              "state": "passed",
              "speed": "slow",
              "pass": true,
              "fail": false,
              "pending": false,
              "context": null,
              "code": "_home[\"default\"].clickOnVisibleElement(_home[\"default\"].logoutButton);\n_home[\"default\"].loginButton.should('be.visible');",
              "err": {},
              "uuid": "8606675b-d9fc-4b24-b8c2-cba5dfa7eb79",
              "parentUUID": "5950860d-8ef2-4103-bd5a-4629a098402f",
              "isHook": false,
              "skipped": false
            }
          ],
          "suites": [],
          "passes": [
            "e4484cb1-440b-4458-9cde-056442c8af93",
            "8608eb6d-2223-4def-aa69-6f35f013dbd3",
            "69d64644-b92b-49a5-9c47-2d9c50322a73",
            "8606675b-d9fc-4b24-b8c2-cba5dfa7eb79"
          ],
          "failures": [],
          "pending": [],
          "skipped": [],
          "duration": 31572,
          "root": false,
          "rootEmpty": false,
          "_timeout": 2000
        }
      ],
      "passes": [],
      "failures": [],
      "pending": [],
      "skipped": [],
      "duration": 0,
      "root": true,
      "rootEmpty": true,
      "_timeout": 2000
    },
    {
      "uuid": "d183018d-30fe-472c-b239-080b1df308ad",
      "title": "",
      "fullFile": "cypress\\integration\\smoke\\faded-sleeve.spec.js",
      "file": "cypress\\integration\\smoke\\faded-sleeve.spec.js",
      "beforeHooks": [],
      "afterHooks": [],
      "tests": [],
      "suites": [
        {
          "uuid": "b019858f-941e-4c1e-9c0a-3ce9f511a8fe",
          "title": "Smoke Test - Scenario: buy two products",
          "fullFile": "",
          "file": "",
          "beforeHooks": [],
          "afterHooks": [],
          "tests": [
            {
              "title": "Given I am on a shopping site",
              "fullTitle": "Smoke Test - Scenario: buy two products Given I am on a shopping site",
              "timedOut": null,
              "duration": 6319,
              "state": "passed",
              "speed": "slow",
              "pass": true,
              "fail": false,
              "pending": false,
              "context": null,
              "code": "_home[\"default\"].open();\n_home[\"default\"].navigationTabs.should('be.visible');",
              "err": {},
              "uuid": "6a04afb6-cf97-4118-be47-61c97afb1c94",
              "parentUUID": "b019858f-941e-4c1e-9c0a-3ce9f511a8fe",
              "isHook": false,
              "skipped": false
            },
            {
              "title": "When I order 2 items",
              "fullTitle": "Smoke Test - Scenario: buy two products When I order 2 items",
              "timedOut": null,
              "duration": 19364,
              "state": "passed",
              "speed": "slow",
              "pass": true,
              "fail": false,
              "pending": false,
              "context": null,
              "code": "_home[\"default\"].addProductToCart(this.user.product);\n_home[\"default\"].assertTextElement(_home[\"default\"].shoppingCartTotalDropDown, this.user.productQuantity);\n_home[\"default\"].clickOnVisibleElement(_home[\"default\"].proceedToCheckOutSummaryButton);\n_home[\"default\"].clickOnVisibleElement(_home[\"default\"].proceedToCheckOutButton);\n_home[\"default\"].typeInEmail(Cypress.env('email'));\n_home[\"default\"].typeInPassword(Cypress.env('pw'));\n_home[\"default\"].clickOnVisibleElement(_home[\"default\"].submitButton);\n_home[\"default\"].clickOnVisibleElement(_home[\"default\"].proceedToCheckOutButton);\n_home[\"default\"].clickOnVisibleElement(_home[\"default\"].termCheckBox);\n_home[\"default\"].clickOnVisibleElement(_home[\"default\"].proceedToCheckOutButton);\n_home[\"default\"].clickOnVisibleElement(_home[\"default\"].payByBankWireButton);\n_home[\"default\"].clickOnVisibleElement(_home[\"default\"].proceedToCheckOutButton);",
              "err": {},
              "uuid": "c74f6eae-a7e5-4601-ab85-70d65651572c",
              "parentUUID": "b019858f-941e-4c1e-9c0a-3ce9f511a8fe",
              "isHook": false,
              "skipped": false
            },
            {
              "title": "Then the order details should be displayed on the confirmation page ",
              "fullTitle": "Smoke Test - Scenario: buy two products Then the order details should be displayed on the confirmation page ",
              "timedOut": null,
              "duration": 98,
              "state": "passed",
              "speed": "slow",
              "pass": true,
              "fail": false,
              "pending": false,
              "context": null,
              "code": "_home[\"default\"].completionMessage.should('have.text', this.user.completionMessage);\n_home[\"default\"].price.should('have.text', this.user.price);\n_home[\"default\"].otherDetails.should('have.text', this.user.otherDetails);\n_home[\"default\"].bankName.should('have.text', this.user.bankName);",
              "err": {},
              "uuid": "18f41657-3491-4b63-a7dc-b34cd0264733",
              "parentUUID": "b019858f-941e-4c1e-9c0a-3ce9f511a8fe",
              "isHook": false,
              "skipped": false
            },
            {
              "title": "And I should be able to log out successfully",
              "fullTitle": "Smoke Test - Scenario: buy two products And I should be able to log out successfully",
              "timedOut": null,
              "duration": 2649,
              "state": "passed",
              "speed": "slow",
              "pass": true,
              "fail": false,
              "pending": false,
              "context": null,
              "code": "_home[\"default\"].clickOnVisibleElement(_home[\"default\"].logoutButton);\n_home[\"default\"].loginButton.should('be.visible');",
              "err": {},
              "uuid": "2eede52e-46d9-499c-a918-5e57c2fe1551",
              "parentUUID": "b019858f-941e-4c1e-9c0a-3ce9f511a8fe",
              "isHook": false,
              "skipped": false
            }
          ],
          "suites": [],
          "passes": [
            "6a04afb6-cf97-4118-be47-61c97afb1c94",
            "c74f6eae-a7e5-4601-ab85-70d65651572c",
            "18f41657-3491-4b63-a7dc-b34cd0264733",
            "2eede52e-46d9-499c-a918-5e57c2fe1551"
          ],
          "failures": [],
          "pending": [],
          "skipped": [],
          "duration": 28430,
          "root": false,
          "rootEmpty": false,
          "_timeout": 2000
        }
      ],
      "passes": [],
      "failures": [],
      "pending": [],
      "skipped": [],
      "duration": 0,
      "root": true,
      "rootEmpty": true,
      "_timeout": 2000
    },
    {
      "uuid": "b24a7df8-4da7-4f4f-9d54-81dfea12df32",
      "title": "",
      "fullFile": "cypress\\integration\\smoke\\printed-dress.spec.js",
      "file": "cypress\\integration\\smoke\\printed-dress.spec.js",
      "beforeHooks": [],
      "afterHooks": [],
      "tests": [],
      "suites": [
        {
          "uuid": "1da867d0-822c-44a9-ab9b-9eaf8def8614",
          "title": "Smoke Test - Scenario: buy two products",
          "fullFile": "",
          "file": "",
          "beforeHooks": [],
          "afterHooks": [],
          "tests": [
            {
              "title": "Given I am on a shopping site",
              "fullTitle": "Smoke Test - Scenario: buy two products Given I am on a shopping site",
              "timedOut": null,
              "duration": 6215,
              "state": "passed",
              "speed": "slow",
              "pass": true,
              "fail": false,
              "pending": false,
              "context": null,
              "code": "_home[\"default\"].open();\n_home[\"default\"].navigationTabs.should('be.visible');",
              "err": {},
              "uuid": "fe052b35-c32d-4b25-8c29-107a140e255c",
              "parentUUID": "1da867d0-822c-44a9-ab9b-9eaf8def8614",
              "isHook": false,
              "skipped": false
            },
            {
              "title": "When I order 2 items",
              "fullTitle": "Smoke Test - Scenario: buy two products When I order 2 items",
              "timedOut": null,
              "duration": 19197,
              "state": "passed",
              "speed": "slow",
              "pass": true,
              "fail": false,
              "pending": false,
              "context": null,
              "code": "_home[\"default\"].addProductToCart(this.user.product);\n_home[\"default\"].assertTextElement(_home[\"default\"].shoppingCartTotalDropDown, this.user.productQuantity);\n_home[\"default\"].clickOnVisibleElement(_home[\"default\"].proceedToCheckOutSummaryButton);\n_home[\"default\"].clickOnVisibleElement(_home[\"default\"].proceedToCheckOutButton);\n_home[\"default\"].typeInEmail(Cypress.env('email'));\n_home[\"default\"].typeInPassword(Cypress.env('pw'));\n_home[\"default\"].clickOnVisibleElement(_home[\"default\"].submitButton);\n_home[\"default\"].clickOnVisibleElement(_home[\"default\"].proceedToCheckOutButton);\n_home[\"default\"].clickOnVisibleElement(_home[\"default\"].termCheckBox);\n_home[\"default\"].clickOnVisibleElement(_home[\"default\"].proceedToCheckOutButton);\n_home[\"default\"].clickOnVisibleElement(_home[\"default\"].payByBankWireButton);\n_home[\"default\"].clickOnVisibleElement(_home[\"default\"].proceedToCheckOutButton);",
              "err": {},
              "uuid": "b747395a-a40f-4b79-948d-c74b597c3baf",
              "parentUUID": "1da867d0-822c-44a9-ab9b-9eaf8def8614",
              "isHook": false,
              "skipped": false
            },
            {
              "title": "Then the order details should be displayed on the confirmation page ",
              "fullTitle": "Smoke Test - Scenario: buy two products Then the order details should be displayed on the confirmation page ",
              "timedOut": null,
              "duration": 97,
              "state": "passed",
              "speed": "slow",
              "pass": true,
              "fail": false,
              "pending": false,
              "context": null,
              "code": "_home[\"default\"].completionMessage.should('have.text', this.user.completionMessage);\n_home[\"default\"].price.should('have.text', this.user.price);\n_home[\"default\"].otherDetails.should('have.text', this.user.otherDetails);\n_home[\"default\"].bankName.should('have.text', this.user.bankName);",
              "err": {},
              "uuid": "5a2ea073-610e-4376-b722-fac8314058fc",
              "parentUUID": "1da867d0-822c-44a9-ab9b-9eaf8def8614",
              "isHook": false,
              "skipped": false
            },
            {
              "title": "And I should be able to log out successfully",
              "fullTitle": "Smoke Test - Scenario: buy two products And I should be able to log out successfully",
              "timedOut": null,
              "duration": 3178,
              "state": "passed",
              "speed": "slow",
              "pass": true,
              "fail": false,
              "pending": false,
              "context": null,
              "code": "_home[\"default\"].clickOnVisibleElement(_home[\"default\"].logoutButton);\n_home[\"default\"].loginButton.should('be.visible');",
              "err": {},
              "uuid": "a50c6603-5ec8-4641-bde3-e0aeff7783e2",
              "parentUUID": "1da867d0-822c-44a9-ab9b-9eaf8def8614",
              "isHook": false,
              "skipped": false
            }
          ],
          "suites": [],
          "passes": [
            "fe052b35-c32d-4b25-8c29-107a140e255c",
            "b747395a-a40f-4b79-948d-c74b597c3baf",
            "5a2ea073-610e-4376-b722-fac8314058fc",
            "a50c6603-5ec8-4641-bde3-e0aeff7783e2"
          ],
          "failures": [],
          "pending": [],
          "skipped": [],
          "duration": 28687,
          "root": false,
          "rootEmpty": false,
          "_timeout": 2000
        }
      ],
      "passes": [],
      "failures": [],
      "pending": [],
      "skipped": [],
      "duration": 0,
      "root": true,
      "rootEmpty": true,
      "_timeout": 2000
    },
    {
      "uuid": "74a5f83b-1994-4db7-a513-19d61368a679",
      "title": "",
      "fullFile": "cypress\\integration\\smoke\\printed-summer-dress.spec.js",
      "file": "cypress\\integration\\smoke\\printed-summer-dress.spec.js",
      "beforeHooks": [],
      "afterHooks": [],
      "tests": [],
      "suites": [
        {
          "uuid": "22485c01-144e-4b70-9d37-6ae8449fafb6",
          "title": "Smoke Test - Scenario: buy two products",
          "fullFile": "",
          "file": "",
          "beforeHooks": [],
          "afterHooks": [],
          "tests": [
            {
              "title": "Given I am on a shopping site",
              "fullTitle": "Smoke Test - Scenario: buy two products Given I am on a shopping site",
              "timedOut": null,
              "duration": 6111,
              "state": "passed",
              "speed": "slow",
              "pass": true,
              "fail": false,
              "pending": false,
              "context": null,
              "code": "_home[\"default\"].open();\n_home[\"default\"].navigationTabs.should('be.visible');",
              "err": {},
              "uuid": "8d15109d-3a55-4cef-90cb-f3f4ef394346",
              "parentUUID": "22485c01-144e-4b70-9d37-6ae8449fafb6",
              "isHook": false,
              "skipped": false
            },
            {
              "title": "When I order 2 items",
              "fullTitle": "Smoke Test - Scenario: buy two products When I order 2 items",
              "timedOut": null,
              "duration": 22761,
              "state": "passed",
              "speed": "slow",
              "pass": true,
              "fail": false,
              "pending": false,
              "context": null,
              "code": "_home[\"default\"].addProductToCart(this.user.product);\n_home[\"default\"].assertTextElement(_home[\"default\"].shoppingCartTotalDropDown, this.user.productQuantity);\n_home[\"default\"].clickOnVisibleElement(_home[\"default\"].proceedToCheckOutSummaryButton);\n_home[\"default\"].clickOnVisibleElement(_home[\"default\"].proceedToCheckOutButton);\n_home[\"default\"].typeInEmail(Cypress.env('email'));\n_home[\"default\"].typeInPassword(Cypress.env('pw'));\n_home[\"default\"].clickOnVisibleElement(_home[\"default\"].submitButton);\n_home[\"default\"].clickOnVisibleElement(_home[\"default\"].proceedToCheckOutButton);\n_home[\"default\"].clickOnVisibleElement(_home[\"default\"].termCheckBox);\n_home[\"default\"].clickOnVisibleElement(_home[\"default\"].proceedToCheckOutButton);\n_home[\"default\"].clickOnVisibleElement(_home[\"default\"].payByBankWireButton);\n_home[\"default\"].clickOnVisibleElement(_home[\"default\"].proceedToCheckOutButton);",
              "err": {},
              "uuid": "d86916da-f21a-4665-becf-c6642fb9859d",
              "parentUUID": "22485c01-144e-4b70-9d37-6ae8449fafb6",
              "isHook": false,
              "skipped": false
            },
            {
              "title": "Then the order details should be displayed on the confirmation page ",
              "fullTitle": "Smoke Test - Scenario: buy two products Then the order details should be displayed on the confirmation page ",
              "timedOut": null,
              "duration": 116,
              "state": "passed",
              "speed": "slow",
              "pass": true,
              "fail": false,
              "pending": false,
              "context": null,
              "code": "_home[\"default\"].completionMessage.should('have.text', this.user.completionMessage);\n_home[\"default\"].price.should('have.text', this.user.price);\n_home[\"default\"].otherDetails.should('have.text', this.user.otherDetails);\n_home[\"default\"].bankName.should('have.text', this.user.bankName);",
              "err": {},
              "uuid": "a6d53220-8558-4301-aa99-4b64ad88a161",
              "parentUUID": "22485c01-144e-4b70-9d37-6ae8449fafb6",
              "isHook": false,
              "skipped": false
            },
            {
              "title": "And I should be able to log out successfully",
              "fullTitle": "Smoke Test - Scenario: buy two products And I should be able to log out successfully",
              "timedOut": null,
              "duration": 2542,
              "state": "passed",
              "speed": "slow",
              "pass": true,
              "fail": false,
              "pending": false,
              "context": null,
              "code": "_home[\"default\"].clickOnVisibleElement(_home[\"default\"].logoutButton);\n_home[\"default\"].loginButton.should('be.visible');",
              "err": {},
              "uuid": "8fda8e47-caca-410d-85f3-8cf775965e01",
              "parentUUID": "22485c01-144e-4b70-9d37-6ae8449fafb6",
              "isHook": false,
              "skipped": false
            }
          ],
          "suites": [],
          "passes": [
            "8d15109d-3a55-4cef-90cb-f3f4ef394346",
            "d86916da-f21a-4665-becf-c6642fb9859d",
            "a6d53220-8558-4301-aa99-4b64ad88a161",
            "8fda8e47-caca-410d-85f3-8cf775965e01"
          ],
          "failures": [],
          "pending": [],
          "skipped": [],
          "duration": 31530,
          "root": false,
          "rootEmpty": false,
          "_timeout": 2000
        }
      ],
      "passes": [],
      "failures": [],
      "pending": [],
      "skipped": [],
      "duration": 0,
      "root": true,
      "rootEmpty": true,
      "_timeout": 2000
    },
    {
      "uuid": "f6edf5b0-6f57-4e64-bd09-2ac55a581591",
      "title": "",
      "fullFile": "cypress\\integration\\smoke\\faded-sleeve.spec.js",
      "file": "cypress\\integration\\smoke\\faded-sleeve.spec.js",
      "beforeHooks": [],
      "afterHooks": [],
      "tests": [],
      "suites": [
        {
          "uuid": "6ef5e86c-a09e-4da6-89a1-d686625a28be",
          "title": "Smoke Test - Scenario: buy two products",
          "fullFile": "",
          "file": "",
          "beforeHooks": [],
          "afterHooks": [],
          "tests": [
            {
              "title": "Given I am on a shopping site",
              "fullTitle": "Smoke Test - Scenario: buy two products Given I am on a shopping site",
              "timedOut": null,
              "duration": 6647,
              "state": "passed",
              "speed": "slow",
              "pass": true,
              "fail": false,
              "pending": false,
              "context": null,
              "code": "_home[\"default\"].open();\n_home[\"default\"].navigationTabs.should('be.visible');",
              "err": {},
              "uuid": "7c10ac96-3b08-4c8c-a360-4cf2612f0b3c",
              "parentUUID": "6ef5e86c-a09e-4da6-89a1-d686625a28be",
              "isHook": false,
              "skipped": false
            },
            {
              "title": "When I order 2 items",
              "fullTitle": "Smoke Test - Scenario: buy two products When I order 2 items",
              "timedOut": null,
              "duration": 19283,
              "state": "passed",
              "speed": "slow",
              "pass": true,
              "fail": false,
              "pending": false,
              "context": null,
              "code": "_home[\"default\"].addProductToCart(this.user.product);\n_home[\"default\"].assertTextElement(_home[\"default\"].shoppingCartTotalDropDown, this.user.productQuantity);\n_home[\"default\"].clickOnVisibleElement(_home[\"default\"].proceedToCheckOutSummaryButton);\n_home[\"default\"].clickOnVisibleElement(_home[\"default\"].proceedToCheckOutButton);\n_home[\"default\"].typeInEmail(this.user.email);\n_home[\"default\"].typeInPassword(this.user.pw);\n_home[\"default\"].clickOnVisibleElement(_home[\"default\"].submitButton);\n_home[\"default\"].clickOnVisibleElement(_home[\"default\"].proceedToCheckOutButton);\n_home[\"default\"].clickOnVisibleElement(_home[\"default\"].termCheckBox);\n_home[\"default\"].clickOnVisibleElement(_home[\"default\"].proceedToCheckOutButton);\n_home[\"default\"].clickOnVisibleElement(_home[\"default\"].payByBankWireButton);\n_home[\"default\"].clickOnVisibleElement(_home[\"default\"].proceedToCheckOutButton);",
              "err": {},
              "uuid": "a9dbe6f4-e457-4769-8c61-2a10a771b187",
              "parentUUID": "6ef5e86c-a09e-4da6-89a1-d686625a28be",
              "isHook": false,
              "skipped": false
            },
            {
              "title": "Then the order details should be displayed on the confirmation page ",
              "fullTitle": "Smoke Test - Scenario: buy two products Then the order details should be displayed on the confirmation page ",
              "timedOut": null,
              "duration": 121,
              "state": "passed",
              "speed": "slow",
              "pass": true,
              "fail": false,
              "pending": false,
              "context": null,
              "code": "_home[\"default\"].completionMessage.should('have.text', this.user.completionMessage);\n_home[\"default\"].price.should('have.text', this.user.price);\n_home[\"default\"].otherDetails.should('have.text', this.user.otherDetails);\n_home[\"default\"].bankName.should('have.text', this.user.bankName);",
              "err": {},
              "uuid": "7e6a63e5-9b80-44b9-a400-51f6c5a262b7",
              "parentUUID": "6ef5e86c-a09e-4da6-89a1-d686625a28be",
              "isHook": false,
              "skipped": false
            },
            {
              "title": "And I should be able to log out successfully",
              "fullTitle": "Smoke Test - Scenario: buy two products And I should be able to log out successfully",
              "timedOut": null,
              "duration": 2606,
              "state": "passed",
              "speed": "slow",
              "pass": true,
              "fail": false,
              "pending": false,
              "context": null,
              "code": "_home[\"default\"].clickOnVisibleElement(_home[\"default\"].logoutButton);\n_home[\"default\"].loginButton.should('be.visible');",
              "err": {},
              "uuid": "535db36a-2d7d-430d-83e1-09e5d26109e5",
              "parentUUID": "6ef5e86c-a09e-4da6-89a1-d686625a28be",
              "isHook": false,
              "skipped": false
            }
          ],
          "suites": [],
          "passes": [
            "7c10ac96-3b08-4c8c-a360-4cf2612f0b3c",
            "a9dbe6f4-e457-4769-8c61-2a10a771b187",
            "7e6a63e5-9b80-44b9-a400-51f6c5a262b7",
            "535db36a-2d7d-430d-83e1-09e5d26109e5"
          ],
          "failures": [],
          "pending": [],
          "skipped": [],
          "duration": 28657,
          "root": false,
          "rootEmpty": false,
          "_timeout": 2000
        }
      ],
      "passes": [],
      "failures": [],
      "pending": [],
      "skipped": [],
      "duration": 0,
      "root": true,
      "rootEmpty": true,
      "_timeout": 2000
    }
  ],
  "meta": {
    "mocha": {
      "version": "7.1.0"
    },
    "mochawesome": {
      "options": {
        "quiet": false,
        "reportFilename": "mochawesome",
        "saveHtml": false,
        "saveJson": true,
        "consoleReporter": "spec",
        "useInlineDiffs": false,
        "code": true
      },
      "version": "5.0.0"
    },
    "marge": {
      "options": {
        "id": "default",
        "reportDir": "cypress/reports/mocha",
        "quite": true,
        "overwrite": false,
        "html": false,
        "json": true
      },
      "version": "4.1.0"
    }
  }
}